<?xml version="1.0" encoding="utf-8"?><testsuites name="pytest tests"><testsuite name="pytest" errors="0" failures="0" skipped="0" tests="11" time="4.611" timestamp="2026-01-04T02:44:49.578545+00:00" hostname="agent-env-d8f311c2-0df3-4569-9608-ab1db8c37d53"><testcase classname="tests.test_thermal_tickets.TestThermalTickets" name="test_admin_login" time="0.594" /><testcase classname="tests.test_thermal_tickets.TestThermalTickets" name="test_get_eventos" time="0.328" /><testcase classname="tests.test_thermal_tickets.TestThermalTickets" name="test_generar_entradas_termicas_single" time="0.355" /><testcase classname="tests.test_thermal_tickets.TestThermalTickets" name="test_generar_entradas_termicas_batch" time="0.425" /><testcase classname="tests.test_thermal_tickets.TestThermalTickets" name="test_obtener_entrada_termica_imagen" time="0.687" /><testcase classname="tests.test_thermal_tickets.TestThermalTickets" name="test_entrada_termica_not_found" time="0.322" /><testcase classname="tests.test_thermal_tickets.TestThermalTickets" name="test_generar_entradas_evento_not_found" time="0.326" /><testcase classname="tests.test_thermal_tickets.TestThermalTickets" name="test_generar_entradas_unauthorized" time="0.404" /><testcase classname="tests.test_thermal_tickets.TestThermalTickets" name="test_ticket_contains_qr_code" time="0.346" /><testcase classname="tests.test_thermal_tickets.TestThermalTickets" name="test_codigo_alfanumerico_format" time="0.338" /><testcase classname="tests.test_thermal_tickets.TestThermalTicketsValidation" name="test_validate_thermal_ticket_by_code" time="0.376" /></testsuite></testsuites>